23-May-2018 12:01:56.013 INFO [main] org.apache.catalina.core.AprLifecycleListener.lifecycleEvent The APR based Apache Tomcat Native library which allows optimal performance in production environments was not found on the java.library.path: [C:\Program Files\Java\jdk1.8.0_161\jre\bin;C:\Windows\Sun\Java\bin;C:\Windows\system32;C:\Windows;C:\Program Files (x86)\Common Files\Oracle\Java\javapath;C:\Program Files (x86)\Razer Chroma SDK\bin;C:\Program Files\Razer Chroma SDK\bin;C:\ProgramData\Oracle\Java\javapath;C:\Windows\system32;C:\Windows;C:\Windows\System32\Wbem;C:\Windows\System32\WindowsPowerShell\v1.0\;C:\Program Files (x86)\NVIDIA Corporation\PhysX\Common;C:\Windows\system32;C:\Windows;C:\Windows\System32\Wbem;C:\Windows\System32\WindowsPowerShell\v1.0\;C:\Program Files\Git\cmd;D:\Python;D:\Python\Scripts;C:\Windows\system32\config\systemprofile\AppData\Local\Microsoft\WindowsApps;D:\Redis;D:\apache-tomcat-9.0.6;D:\apache-tomcat-9.0.6\bin;D:\apache-tomcat-9.0.6\webapps;C:\Program Files\Java\jdk1.8.0_161;C:\Program Files\Java\jre1.8.0_171;D:\apache-maven-3.5.3\bin;D:\apache-maven-3.5.3\lib;C:\Program Files\dotnet\;C:\Program Files\Microsoft SQL Server\130\Tools\Binn\;C:\Program Files\nodejs\;C:\Users\Vince\AppData\Local\Microsoft\WindowsApps;C:\Program Files\Microsoft VS Code\bin;C:\Users\Vince\AppData\Local\GitHubDesktop\bin;C:\Users\Vince\AppData\Roaming\npm;.]
23-May-2018 12:01:56.154 INFO [main] org.apache.coyote.AbstractProtocol.init Initializing ProtocolHandler ["http-nio-8080"]
23-May-2018 12:01:56.288 INFO [main] org.apache.tomcat.util.net.NioSelectorPool.getSharedSelector Using a shared selector for servlet write/read
23-May-2018 12:01:56.288 INFO [main] org.apache.coyote.AbstractProtocol.init Initializing ProtocolHandler ["ajp-nio-8009"]
23-May-2018 12:01:56.298 INFO [main] org.apache.tomcat.util.net.NioSelectorPool.getSharedSelector Using a shared selector for servlet write/read
23-May-2018 12:01:56.298 INFO [main] org.apache.catalina.startup.Catalina.load Initialization processed in 680 ms
23-May-2018 12:01:56.340 INFO [main] org.apache.catalina.core.StandardService.startInternal Starting service [Catalina]
23-May-2018 12:01:56.340 INFO [main] org.apache.catalina.core.StandardEngine.startInternal Starting Servlet Engine: Apache Tomcat/8.5.23
23-May-2018 12:01:56.370 INFO [localhost-startStop-1] org.apache.catalina.startup.HostConfig.deployWAR Deploying web application archive [D:\TI2\Informatica Project\myhippoproject\target\tomcat8x\webapps\cargocpc.war]
23-May-2018 12:01:56.714 INFO [localhost-startStop-1] org.apache.catalina.startup.HostConfig.deployWAR Deployment of web application archive [D:\TI2\Informatica Project\myhippoproject\target\tomcat8x\webapps\cargocpc.war] has finished in [344] ms
23-May-2018 12:01:56.714 INFO [localhost-startStop-1] org.apache.catalina.startup.HostConfig.deployWAR Deploying web application archive [D:\TI2\Informatica Project\myhippoproject\target\tomcat8x\webapps\cms.war]
23-May-2018 12:02:24.214 INFO [localhost-startStop-1] org.apache.catalina.startup.HostConfig.deployWAR Deployment of web application archive [D:\TI2\Informatica Project\myhippoproject\target\tomcat8x\webapps\cms.war] has finished in [27,499] ms
23-May-2018 12:02:24.216 INFO [localhost-startStop-1] org.apache.catalina.startup.HostConfig.deployWAR Deploying web application archive [D:\TI2\Informatica Project\myhippoproject\target\tomcat8x\webapps\essentials.war]
23-May-2018 12:02:35.570 INFO [localhost-startStop-1] org.apache.cxf.endpoint.ServerImpl.initDestination Setting the server's publish address to be /
23-May-2018 12:02:36.021 INFO [localhost-startStop-1] org.apache.cxf.endpoint.ServerImpl.initDestination Setting the server's publish address to be /system
23-May-2018 12:02:36.031 INFO [localhost-startStop-1] org.apache.catalina.startup.HostConfig.deployWAR Deployment of web application archive [D:\TI2\Informatica Project\myhippoproject\target\tomcat8x\webapps\essentials.war] has finished in [11,815] ms
23-May-2018 12:02:36.041 INFO [localhost-startStop-1] org.apache.catalina.startup.HostConfig.deployWAR Deploying web application archive [D:\TI2\Informatica Project\myhippoproject\target\tomcat8x\webapps\site.war]
23-May-2018 12:02:36.045 INFO [localhost-startStop-1] org.apache.catalina.realm.JAASRealm.setUseContextClassLoader Setting useContextClassLoader = true
23-May-2018 12:02:45.044 INFO [localhost-startStop-1] org.apache.catalina.startup.HostConfig.deployWAR Deployment of web application archive [D:\TI2\Informatica Project\myhippoproject\target\tomcat8x\webapps\site.war] has finished in [9,003] ms
23-May-2018 12:02:45.045 INFO [localhost-startStop-1] org.apache.catalina.startup.HostConfig.deployDirectory Deploying web application directory [D:\TI2\Informatica Project\myhippoproject\target\tomcat8x\webapps\host-manager]
23-May-2018 12:02:45.088 INFO [localhost-startStop-1] org.apache.catalina.startup.HostConfig.deployDirectory Deployment of web application directory [D:\TI2\Informatica Project\myhippoproject\target\tomcat8x\webapps\host-manager] has finished in [43] ms
23-May-2018 12:02:45.088 INFO [localhost-startStop-1] org.apache.catalina.startup.HostConfig.deployDirectory Deploying web application directory [D:\TI2\Informatica Project\myhippoproject\target\tomcat8x\webapps\manager]
23-May-2018 12:02:45.132 INFO [localhost-startStop-1] org.apache.catalina.startup.HostConfig.deployDirectory Deployment of web application directory [D:\TI2\Informatica Project\myhippoproject\target\tomcat8x\webapps\manager] has finished in [44] ms
23-May-2018 12:02:45.139 INFO [main] org.apache.coyote.AbstractProtocol.start Starting ProtocolHandler ["http-nio-8080"]
23-May-2018 12:02:45.155 INFO [main] org.apache.coyote.AbstractProtocol.start Starting ProtocolHandler ["ajp-nio-8009"]
23-May-2018 12:02:45.158 INFO [main] org.apache.catalina.startup.Catalina.start Server startup in 48858 ms
